<?xml version="1.0" encoding="UTF-8"?>
<!-- Generated by org.testng.reporters.JUnitReportReporter -->
<testsuite hostname="Shashanks-MacBook-Air.local" failures="0" tests="10" name="api.test.DDTests" time="14.538" errors="0" timestamp="2024-07-20T12:55:18 IST" skipped="0">
  <testcase classname="api.test.DDTests" name="testPostuser" time="1.533"/>
  <testcase classname="api.test.DDTests" name="testPostuser" time="1.612"/>
  <testcase classname="api.test.DDTests" name="testPostuser" time="1.523"/>
  <testcase classname="api.test.DDTests" name="testPostuser" time="1.456"/>
  <testcase classname="api.test.DDTests" name="testPostuser" time="1.521"/>
  <testcase classname="api.test.DDTests" name="testDeleteUser" time="1.433"/>
  <testcase classname="api.test.DDTests" name="testDeleteUser" time="1.467"/>
  <testcase classname="api.test.DDTests" name="testDeleteUser" time="1.359"/>
  <testcase classname="api.test.DDTests" name="testDeleteUser" time="1.459"/>
  <testcase classname="api.test.DDTests" name="testDeleteUser" time="1.175"/>
</testsuite> <!-- api.test.DDTests -->
