<?xml version="1.0" encoding="UTF-8"?>
<!-- Generated by org.testng.reporters.JUnitReportReporter -->
<testsuite hostname="Shashanks-MacBook-Air.local" failures="0" tests="4" name="api.test.UserTest" time="9.824" errors="0" timestamp="2024-07-20T14:08:42 IST" skipped="0">
  <testcase classname="api.test.UserTest" name="testPostRequest" time="3.877"/>
  <testcase classname="api.test.UserTest" name="testGetUserByName" time="1.564"/>
  <testcase classname="api.test.UserTest" name="testUpadteUserByName" time="2.953"/>
  <testcase classname="api.test.UserTest" name="testDeleteUserByName" time="1.430"/>
</testsuite> <!-- api.test.UserTest -->
