<?xml version="1.0" encoding="UTF-8"?>
<!-- Generated by org.testng.reporters.JUnitReportReporter -->
<testsuite hostname="Shashanks-MacBook-Air.local" failures="0" tests="4" name="api.test.UserTest2" time="10.060" errors="0" timestamp="2024-07-20T15:42:40 IST" skipped="0">
  <testcase classname="api.test.UserTest2" name="testPostRequest" time="3.964"/>
  <testcase classname="api.test.UserTest2" name="testGetUserByName" time="1.599"/>
  <testcase classname="api.test.UserTest2" name="testUpadteUserByName" time="2.977"/>
  <testcase classname="api.test.UserTest2" name="testDeleteUserByName" time="1.520"/>
</testsuite> <!-- api.test.UserTest2 -->
